A D/amip_interp////
A D/astronomy////
A D/axis_utils////
A D/block_control////
A D/chksum////
A D/clocks////
A D/column_diagnostics////
A D/constants////
A D/coupler////
A D/data_override////
A D/diag_manager////
A D/drifters////
A D/exchange////
A D/fft////
A D/field_manager////
A D/flux_manager////
A D/fms////
A D/fpe////
A D/horiz_interp////
A D/include////
A D/memutils////
A D/mosaic////
A D/mpp////
A D/oda_tools////
A D/platform////
A D/random_numbers////
A D/sat_vapor_pres////
A D/spherical_regrid////
A D/station_data////
A D/time_interp////
A D/time_manager////
A D/topography////
A D/tracer_driver////
A D/tracer_manager////
A D/tridiagonal////
A D/udunits////
A D/utilities////
R D/utilities////
R D/udunits////
R D/tracer_driver////
R D/spherical_regrid////
R D/fpe////
R D/flux_manager////
R D/clocks////
R D/chksum////
